============================================================
Time  2022/12/12 16:37:47 913 
============================================================
[2022/12/12 16:37:47 913] tts        811  SYS_MSG_REGCB param0 =  msp_status_cb  param1 =  func(300165d0) 
[2022/12/12 16:37:47 914] config     43   use general cloud  
[2022/12/12 16:37:47 916] tts_cloud  1438 SYS_MSG_REGCB_CLOUD param0 =   msp_status_cb  param1 =  func(300165d0) 
[2022/12/12 16:37:47 916] tts        782  TTS_MSG_SSB  
[2022/12/12 16:37:47 916] tts        434  params =  engine_type = local,voice_name=xiaoyan, text_encoding = UTF8, tts_res_path = fo|res/tts/xiaoyan.jet;fo|res/tts/common.jet, sample_rate = 16000, speed = 50, volume = 50, pitch = 50, rdn = 2  
[2022/12/12 16:37:47 916] tts        273  auf=audio/L16;rate=16000  
[2022/12/12 16:37:47 916] tts        273  auf=audio/L16;rate=16000  
[2022/12/12 16:37:47 916] tts        471  ssb|use local  
[2022/12/12 16:37:47 916] tts        385  local_session_begin  
[2022/12/12 16:37:47 917] tts        789  TTS_MSG_SYN  0  
[2022/12/12 16:37:47 917] tts        514  synth|use local  
[2022/12/12 16:37:47 917] tts        792  TTS_MSG_GETAUDIO  0  
[2022/12/12 16:37:47 917] tts        557  get audio|use local  
[2022/12/12 16:37:47 917] tts        599  0  nil  1  
[2022/12/12 16:37:47 919] tts        792  TTS_MSG_GETAUDIO  0  
[2022/12/12 16:37:47 919] tts        557  get audio|use local  
[2022/12/12 16:37:47 920] tts        599  0  nil  1  
[2022/12/12 16:37:47 920] tts        792  TTS_MSG_GETAUDIO  0  
[2022/12/12 16:37:47 920] tts        557  get audio|use local  
[2022/12/12 16:37:47 920] tts        599  0  nil  1  
[2022/12/12 16:37:47 920] tts        792  TTS_MSG_GETAUDIO  0  
[2022/12/12 16:37:47 920] tts        557  get audio|use local  
[2022/12/12 16:37:47 920] tts        599  0  nil  1  
[2022/12/12 16:37:47 920] tts        792  TTS_MSG_GETAUDIO  0  
[2022/12/12 16:37:47 920] tts        557  get audio|use local  
[2022/12/12 16:37:47 920] tts        599  0  nil  1  
[2022/12/12 16:37:47 920] tts        792  TTS_MSG_GETAUDIO  0  
[2022/12/12 16:37:47 920] tts        557  get audio|use local  
[2022/12/12 16:37:47 920] tts        599  0  nil  1  
[2022/12/12 16:37:47 920] tts        792  TTS_MSG_GETAUDIO  0  
[2022/12/12 16:37:47 920] tts        557  get audio|use local  
[2022/12/12 16:37:47 920] tts        599  0  nil  1  
[2022/12/12 16:37:47 920] tts        792  TTS_MSG_GETAUDIO  0  
[2022/12/12 16:37:47 920] tts        557  get audio|use local  
[2022/12/12 16:37:47 920] tts        599  0  nil  1  
[2022/12/12 16:37:47 920] tts        792  TTS_MSG_GETAUDIO  0  
[2022/12/12 16:37:47 920] tts        557  get audio|use local  
[2022/12/12 16:37:47 920] tts        599  0  nil  1  
[2022/12/12 16:37:47 920] tts        792  TTS_MSG_GETAUDIO  0  
[2022/12/12 16:37:47 920] tts        557  get audio|use local  
[2022/12/12 16:37:47 921] tts        599  0  nil  1  
[2022/12/12 16:37:47 921] tts        792  TTS_MSG_GETAUDIO  0  
[2022/12/12 16:37:47 921] tts        557  get audio|use local  
[2022/12/12 16:37:47 921] tts        599  0  nil  1  
[2022/12/12 16:37:47 921] tts        792  TTS_MSG_GETAUDIO  0  
[2022/12/12 16:37:47 921] tts        557  get audio|use local  
[2022/12/12 16:37:47 921] tts        599  0  nil  1  
[2022/12/12 16:37:47 921] tts        792  TTS_MSG_GETAUDIO  0  
[2022/12/12 16:37:47 921] tts        557  get audio|use local  
[2022/12/12 16:37:47 921] tts        599  0  nil  1  
[2022/12/12 16:37:47 921] tts        792  TTS_MSG_GETAUDIO  0  
[2022/12/12 16:37:47 921] tts        557  get audio|use local  
[2022/12/12 16:37:47 921] tts        599  0  nil  1  
[2022/12/12 16:37:47 921] tts        792  TTS_MSG_GETAUDIO  0  
[2022/12/12 16:37:47 922] tts        557  get audio|use local  
[2022/12/12 16:37:47 922] tts        599  0  nil  1  
[2022/12/12 16:37:47 922] tts        792  TTS_MSG_GETAUDIO  0  
[2022/12/12 16:37:47 922] tts        557  get audio|use local  
[2022/12/12 16:37:47 922] tts        599  0  nil  1  
[2022/12/12 16:37:47 922] tts        792  TTS_MSG_GETAUDIO  0  
[2022/12/12 16:37:47 922] tts        557  get audio|use local  
[2022/12/12 16:37:47 922] tts        599  0  nil  1  
[2022/12/12 16:37:47 922] tts        792  TTS_MSG_GETAUDIO  0  
[2022/12/12 16:37:47 922] tts        557  get audio|use local  
[2022/12/12 16:37:47 922] tts        599  0  nil  1  
[2022/12/12 16:37:47 922] tts        792  TTS_MSG_GETAUDIO  0  
[2022/12/12 16:37:47 922] tts        557  get audio|use local  
[2022/12/12 16:37:47 922] tts        599  0  nil  1  
[2022/12/12 16:37:47 922] tts        792  TTS_MSG_GETAUDIO  0  
[2022/12/12 16:37:47 922] tts        557  get audio|use local  
[2022/12/12 16:37:47 922] tts        599  0  nil  1  
[2022/12/12 16:37:47 923] tts        792  TTS_MSG_GETAUDIO  0  
[2022/12/12 16:37:47 923] tts        557  get audio|use local  
[2022/12/12 16:37:47 923] tts        599  0  nil  1  
[2022/12/12 16:37:47 924] tts        792  TTS_MSG_GETAUDIO  0  
[2022/12/12 16:37:47 924] tts        557  get audio|use local  
[2022/12/12 16:37:47 924] tts        599  0  nil  1  
[2022/12/12 16:37:47 925] tts        792  TTS_MSG_GETAUDIO  0  
[2022/12/12 16:37:47 925] tts        557  get audio|use local  
[2022/12/12 16:37:47 925] tts        599  0  nil  1  
[2022/12/12 16:37:47 925] tts        792  TTS_MSG_GETAUDIO  0  
[2022/12/12 16:37:47 925] tts        557  get audio|use local  
[2022/12/12 16:37:47 925] tts        599  0  nil  1  
[2022/12/12 16:37:47 926] tts        792  TTS_MSG_GETAUDIO  0  
[2022/12/12 16:37:47 926] tts        557  get audio|use local  
[2022/12/12 16:37:47 926] tts        599  0  nil  1  
[2022/12/12 16:37:47 926] tts        792  TTS_MSG_GETAUDIO  0  
[2022/12/12 16:37:47 926] tts        557  get audio|use local  
[2022/12/12 16:37:47 926] tts        599  0  nil  1  
[2022/12/12 16:37:47 927] tts        792  TTS_MSG_GETAUDIO  0  
[2022/12/12 16:37:47 927] tts        557  get audio|use local  
[2022/12/12 16:37:47 927] tts        599  0  nil  1  
[2022/12/12 16:37:47 927] tts        792  TTS_MSG_GETAUDIO  0  
[2022/12/12 16:37:47 927] tts        557  get audio|use local  
[2022/12/12 16:37:47 927] tts        599  0  nil  1  
[2022/12/12 16:37:47 927] tts        792  TTS_MSG_GETAUDIO  0  
[2022/12/12 16:37:47 927] tts        557  get audio|use local  
[2022/12/12 16:37:47 927] tts        599  0  nil  1  
[2022/12/12 16:37:47 927] tts        792  TTS_MSG_GETAUDIO  0  
[2022/12/12 16:37:47 927] tts        557  get audio|use local  
[2022/12/12 16:37:47 927] tts        599  0  nil  1  
[2022/12/12 16:37:47 927] tts        792  TTS_MSG_GETAUDIO  0  
[2022/12/12 16:37:47 927] tts        557  get audio|use local  
[2022/12/12 16:37:47 927] tts        599  0  nil  1  
[2022/12/12 16:37:47 928] tts        792  TTS_MSG_GETAUDIO  0  
[2022/12/12 16:37:47 928] tts        557  get audio|use local  
[2022/12/12 16:37:47 928] tts        599  0  nil  1  
[2022/12/12 16:37:47 928] tts        792  TTS_MSG_GETAUDIO  0  
[2022/12/12 16:37:47 928] tts        557  get audio|use local  
[2022/12/12 16:37:47 928] tts        599  0  nil  1  
[2022/12/12 16:37:47 928] tts        792  TTS_MSG_GETAUDIO  0  
[2022/12/12 16:37:47 928] tts        557  get audio|use local  
[2022/12/12 16:37:47 928] tts        599  0  nil  1  
[2022/12/12 16:37:47 928] tts        792  TTS_MSG_GETAUDIO  0  
[2022/12/12 16:37:47 928] tts        557  get audio|use local  
[2022/12/12 16:37:47 928] tts        599  0  nil  1  
[2022/12/12 16:37:47 929] tts        792  TTS_MSG_GETAUDIO  0  
[2022/12/12 16:37:47 929] tts        557  get audio|use local  
[2022/12/12 16:37:47 929] tts        599  0  nil  1  
[2022/12/12 16:37:47 929] tts        792  TTS_MSG_GETAUDIO  0  
[2022/12/12 16:37:47 929] tts        557  get audio|use local  
[2022/12/12 16:37:47 929] tts        599  0  nil  1  
[2022/12/12 16:37:47 929] tts        792  TTS_MSG_GETAUDIO  0  
[2022/12/12 16:37:47 929] tts        557  get audio|use local  
[2022/12/12 16:37:47 929] tts        599  0  nil  1  
[2022/12/12 16:37:47 929] tts        792  TTS_MSG_GETAUDIO  0  
[2022/12/12 16:37:47 929] tts        557  get audio|use local  
[2022/12/12 16:37:47 929] tts        599  0  nil  1  
[2022/12/12 16:37:47 929] tts        792  TTS_MSG_GETAUDIO  0  
[2022/12/12 16:37:47 929] tts        557  get audio|use local  
[2022/12/12 16:37:47 930] tts        599  0  nil  1  
[2022/12/12 16:37:47 930] tts        792  TTS_MSG_GETAUDIO  0  
[2022/12/12 16:37:47 930] tts        557  get audio|use local  
[2022/12/12 16:37:47 930] tts        599  0  nil  1  
[2022/12/12 16:37:47 930] tts        792  TTS_MSG_GETAUDIO  0  
[2022/12/12 16:37:47 930] tts        557  get audio|use local  
[2022/12/12 16:37:47 930] tts        599  0  nil  1  
[2022/12/12 16:37:47 930] tts        792  TTS_MSG_GETAUDIO  0  
[2022/12/12 16:37:47 930] tts        557  get audio|use local  
[2022/12/12 16:37:47 930] tts        599  0  nil  1  
[2022/12/12 16:37:47 930] tts        792  TTS_MSG_GETAUDIO  0  
[2022/12/12 16:37:47 930] tts        557  get audio|use local  
[2022/12/12 16:37:47 930] tts        599  0  nil  1  
[2022/12/12 16:37:47 930] tts        792  TTS_MSG_GETAUDIO  0  
[2022/12/12 16:37:47 930] tts        557  get audio|use local  
[2022/12/12 16:37:47 930] tts        599  0  nil  1  
[2022/12/12 16:37:47 930] tts        792  TTS_MSG_GETAUDIO  0  
[2022/12/12 16:37:47 930] tts        557  get audio|use local  
[2022/12/12 16:37:47 930] tts        599  0  nil  1  
[2022/12/12 16:37:47 930] tts        792  TTS_MSG_GETAUDIO  0  
[2022/12/12 16:37:47 930] tts        557  get audio|use local  
[2022/12/12 16:37:47 930] tts        599  0  nil  1  
[2022/12/12 16:37:47 930] tts        303  11210  0  
[2022/12/12 16:37:47 931] tts        314  TTS_LOCAL_CB_END,  2  
[2022/12/12 16:37:47 931] tts        303  24007  11210  
[2022/12/12 16:37:47 931] tts        314  TTS_LOCAL_CB_END,  2  
[2022/12/12 16:37:47 931] tts        792  TTS_MSG_GETAUDIO  11210  
[2022/12/12 16:37:47 931] tts        795  TTS_MSG_SSE  
[2022/12/12 16:37:47 931] tts        693  sse|use local  
[2022/12/12 16:37:47 931] tts        711  tts exit  
[2022/12/12 16:37:47 931] tts        802  SYS_MSG_UNLOAD  
