============================================================
Time  2022/10/14 21:38:24 790 
============================================================
[2022/10/14 21:38:24 790] lgi        684  SYS_MSG_LOAD  
[2022/10/14 21:38:24 790] lgi        706  SYS_MSG_REGCB  msp_status_cb  func(98053570) 
[2022/10/14 21:38:24 791] lgi        298  LGI_MSG_INIT  
[2022/10/14 21:38:24 791] lgi        305  lgi  lgi_  268436457  1552287548  
[2022/10/14 21:38:24 791] lgi        347  work_dir  .  
[2022/10/14 21:38:24 791] lgi        403  token:  nil  
[2022/10/14 21:38:24 791] lgi        476  msc cver : 5.0.42.1226  
[2022/10/14 21:38:24 791] lgi        519  ns_enable=  1  
[2022/10/14 21:38:24 791] lgi        531  prot_ver=1  
[2022/10/14 21:38:24 791] lgi        542  prot_type=tcp  
[2022/10/14 21:38:24 791] lgi        693  SYS_MSG_UNLOAD  go bg!  
[2022/10/14 21:38:26 673] lgi        697  SYS_MSG_SHUTDOWN  
============================================================
Time  2022/10/14 21:41:42 577 
============================================================
[2022/10/14 21:41:42 577] lgi        684  SYS_MSG_LOAD  
[2022/10/14 21:41:42 577] lgi        706  SYS_MSG_REGCB  msp_status_cb  func(54013920) 
[2022/10/14 21:41:42 578] lgi        298  LGI_MSG_INIT  
[2022/10/14 21:41:42 578] lgi        305  lgi  lgi_  268436457  1552287548  
[2022/10/14 21:41:42 578] lgi        347  work_dir  .  
[2022/10/14 21:41:42 578] lgi        403  token:  nil  
[2022/10/14 21:41:42 578] lgi        476  msc cver : 5.0.42.1226  
[2022/10/14 21:41:42 578] lgi        519  ns_enable=  1  
[2022/10/14 21:41:42 578] lgi        531  prot_ver=1  
[2022/10/14 21:41:42 578] lgi        542  prot_type=tcp  
[2022/10/14 21:41:42 578] lgi        693  SYS_MSG_UNLOAD  go bg!  
[2022/10/14 21:41:44 084] lgi        697  SYS_MSG_SHUTDOWN  
============================================================
Time  2022/10/14 21:42:19 465 
============================================================
[2022/10/14 21:42:19 465] lgi        684  SYS_MSG_LOAD  
[2022/10/14 21:42:19 466] lgi        706  SYS_MSG_REGCB  msp_status_cb  func(8013720) 
[2022/10/14 21:42:19 466] lgi        298  LGI_MSG_INIT  
[2022/10/14 21:42:19 466] lgi        305  lgi  lgi_  268436457  1552287548  
[2022/10/14 21:42:19 466] lgi        347  work_dir  .  
[2022/10/14 21:42:19 466] lgi        403  token:  nil  
[2022/10/14 21:42:19 466] lgi        476  msc cver : 5.0.42.1226  
[2022/10/14 21:42:19 466] lgi        519  ns_enable=  1  
[2022/10/14 21:42:19 466] lgi        531  prot_ver=1  
[2022/10/14 21:42:19 466] lgi        542  prot_type=tcp  
[2022/10/14 21:42:19 466] lgi        693  SYS_MSG_UNLOAD  go bg!  
[2022/10/14 21:42:20 764] lgi        697  SYS_MSG_SHUTDOWN  
============================================================
Time  2022/10/14 21:43:41 626 
============================================================
[2022/10/14 21:43:41 626] lgi        684  SYS_MSG_LOAD  
[2022/10/14 21:43:41 626] lgi        706  SYS_MSG_REGCB  msp_status_cb  func(10013960) 
[2022/10/14 21:43:41 627] lgi        298  LGI_MSG_INIT  
[2022/10/14 21:43:41 627] lgi        305  lgi  lgi_  268436457  1552287548  
[2022/10/14 21:43:41 627] lgi        347  work_dir  .  
[2022/10/14 21:43:41 627] lgi        403  token:  nil  
[2022/10/14 21:43:41 627] lgi        476  msc cver : 5.0.42.1226  
[2022/10/14 21:43:41 627] lgi        519  ns_enable=  1  
[2022/10/14 21:43:41 627] lgi        531  prot_ver=1  
[2022/10/14 21:43:41 627] lgi        542  prot_type=tcp  
[2022/10/14 21:43:41 627] lgi        693  SYS_MSG_UNLOAD  go bg!  
[2022/10/14 21:43:43 573] lgi        697  SYS_MSG_SHUTDOWN  
============================================================
Time  2022/10/14 21:45:22 835 
============================================================
[2022/10/14 21:45:22 835] lgi        684  SYS_MSG_LOAD  
[2022/10/14 21:45:22 835] lgi        706  SYS_MSG_REGCB  msp_status_cb  func(40013960) 
[2022/10/14 21:45:22 835] lgi        298  LGI_MSG_INIT  
[2022/10/14 21:45:22 835] lgi        305  lgi  lgi_  268436457  1552287548  
[2022/10/14 21:45:22 835] lgi        347  work_dir  .  
[2022/10/14 21:45:22 835] lgi        403  token:  nil  
[2022/10/14 21:45:22 835] lgi        476  msc cver : 5.0.42.1226  
[2022/10/14 21:45:22 835] lgi        519  ns_enable=  1  
[2022/10/14 21:45:22 835] lgi        531  prot_ver=1  
[2022/10/14 21:45:22 835] lgi        542  prot_type=tcp  
[2022/10/14 21:45:22 836] lgi        693  SYS_MSG_UNLOAD  go bg!  
[2022/10/14 21:45:37 822] lgi        697  SYS_MSG_SHUTDOWN  
============================================================
Time  2022/10/14 21:45:40 130 
============================================================
[2022/10/14 21:45:40 130] lgi        684  SYS_MSG_LOAD  
[2022/10/14 21:45:40 130] lgi        706  SYS_MSG_REGCB  msp_status_cb  func(68013960) 
[2022/10/14 21:45:40 130] lgi        298  LGI_MSG_INIT  
[2022/10/14 21:45:40 131] lgi        305  lgi  lgi_  268436457  1552287548  
[2022/10/14 21:45:40 131] lgi        347  work_dir  .  
[2022/10/14 21:45:40 131] lgi        403  token:  nil  
[2022/10/14 21:45:40 131] lgi        476  msc cver : 5.0.42.1226  
[2022/10/14 21:45:40 131] lgi        519  ns_enable=  1  
[2022/10/14 21:45:40 131] lgi        531  prot_ver=1  
[2022/10/14 21:45:40 131] lgi        542  prot_type=tcp  
[2022/10/14 21:45:40 131] lgi        693  SYS_MSG_UNLOAD  go bg!  
[2022/10/14 21:45:41 255] lgi        697  SYS_MSG_SHUTDOWN  
============================================================
Time  2022/10/14 21:45:54 827 
============================================================
[2022/10/14 21:45:54 827] lgi        684  SYS_MSG_LOAD  
[2022/10/14 21:45:54 827] lgi        706  SYS_MSG_REGCB  msp_status_cb  func(30053570) 
[2022/10/14 21:45:54 827] lgi        298  LGI_MSG_INIT  
[2022/10/14 21:45:54 827] lgi        305  lgi  lgi_  268436457  1552287548  
[2022/10/14 21:45:54 827] lgi        347  work_dir  .  
[2022/10/14 21:45:54 827] lgi        403  token:  nil  
[2022/10/14 21:45:54 827] lgi        476  msc cver : 5.0.42.1226  
[2022/10/14 21:45:54 827] lgi        519  ns_enable=  1  
[2022/10/14 21:45:54 827] lgi        531  prot_ver=1  
[2022/10/14 21:45:54 827] lgi        542  prot_type=tcp  
[2022/10/14 21:45:54 827] lgi        693  SYS_MSG_UNLOAD  go bg!  
[2022/10/14 21:45:56 078] lgi        697  SYS_MSG_SHUTDOWN  
============================================================
Time  2022/10/17 09:25:58 925 
============================================================
[2022/10/17 09:25:58 925] lgi        684  SYS_MSG_LOAD  
[2022/10/17 09:25:58 938] lgi        706  SYS_MSG_REGCB  msp_status_cb  func(70013960) 
[2022/10/17 09:25:58 938] lgi        298  LGI_MSG_INIT  
[2022/10/17 09:25:58 938] lgi        305  lgi  lgi_  268436457  1552287548  
[2022/10/17 09:25:58 938] lgi        347  work_dir  .  
[2022/10/17 09:25:58 938] lgi        403  token:  nil  
[2022/10/17 09:25:58 938] lgi        476  msc cver : 5.0.42.1226  
[2022/10/17 09:25:58 938] lgi        519  ns_enable=  1  
[2022/10/17 09:25:58 938] lgi        531  prot_ver=1  
[2022/10/17 09:25:58 938] lgi        542  prot_type=tcp  
[2022/10/17 09:25:58 938] lgi        693  SYS_MSG_UNLOAD  go bg!  
[2022/10/17 09:26:03 807] lgi        697  SYS_MSG_SHUTDOWN  
============================================================
Time  2022/10/17 09:27:18 362 
============================================================
[2022/10/17 09:27:18 362] lgi        684  SYS_MSG_LOAD  
[2022/10/17 09:27:18 363] lgi        706  SYS_MSG_REGCB  msp_status_cb  func(d4013960) 
[2022/10/17 09:27:18 363] lgi        298  LGI_MSG_INIT  
[2022/10/17 09:27:18 363] lgi        305  lgi  lgi_  268436457  1552287548  
[2022/10/17 09:27:18 363] lgi        347  work_dir  .  
[2022/10/17 09:27:18 363] lgi        403  token:  nil  
[2022/10/17 09:27:18 363] lgi        476  msc cver : 5.0.42.1226  
[2022/10/17 09:27:18 363] lgi        519  ns_enable=  1  
[2022/10/17 09:27:18 363] lgi        531  prot_ver=1  
[2022/10/17 09:27:18 363] lgi        542  prot_type=tcp  
[2022/10/17 09:27:18 363] lgi        693  SYS_MSG_UNLOAD  go bg!  
[2022/10/17 09:27:20 118] lgi        697  SYS_MSG_SHUTDOWN  
============================================================
Time  2022/10/17 09:27:21 978 
============================================================
[2022/10/17 09:27:21 978] lgi        684  SYS_MSG_LOAD  
[2022/10/17 09:27:21 979] lgi        706  SYS_MSG_REGCB  msp_status_cb  func(13960) 
[2022/10/17 09:27:21 979] lgi        298  LGI_MSG_INIT  
[2022/10/17 09:27:21 979] lgi        305  lgi  lgi_  268436457  1552287548  
[2022/10/17 09:27:21 979] lgi        347  work_dir  .  
[2022/10/17 09:27:21 979] lgi        403  token:  nil  
[2022/10/17 09:27:21 979] lgi        476  msc cver : 5.0.42.1226  
[2022/10/17 09:27:21 979] lgi        519  ns_enable=  1  
[2022/10/17 09:27:21 979] lgi        531  prot_ver=1  
[2022/10/17 09:27:21 979] lgi        542  prot_type=tcp  
[2022/10/17 09:27:21 979] lgi        693  SYS_MSG_UNLOAD  go bg!  
[2022/10/17 09:27:23 030] lgi        697  SYS_MSG_SHUTDOWN  
============================================================
Time  2022/10/17 09:27:26 194 
============================================================
[2022/10/17 09:27:26 195] lgi        684  SYS_MSG_LOAD  
[2022/10/17 09:27:26 195] lgi        706  SYS_MSG_REGCB  msp_status_cb  func(44013960) 
[2022/10/17 09:27:26 195] lgi        298  LGI_MSG_INIT  
[2022/10/17 09:27:26 195] lgi        305  lgi  lgi_  268436457  1552287548  
[2022/10/17 09:27:26 195] lgi        347  work_dir  .  
[2022/10/17 09:27:26 195] lgi        403  token:  nil  
[2022/10/17 09:27:26 195] lgi        476  msc cver : 5.0.42.1226  
[2022/10/17 09:27:26 195] lgi        519  ns_enable=  1  
[2022/10/17 09:27:26 195] lgi        531  prot_ver=1  
[2022/10/17 09:27:26 195] lgi        542  prot_type=tcp  
[2022/10/17 09:27:26 195] lgi        693  SYS_MSG_UNLOAD  go bg!  
[2022/10/17 09:27:27 438] lgi        697  SYS_MSG_SHUTDOWN  
============================================================
Time  2022/10/17 09:28:43 163 
============================================================
[2022/10/17 09:28:43 163] lgi        684  SYS_MSG_LOAD  
[2022/10/17 09:28:43 163] lgi        706  SYS_MSG_REGCB  msp_status_cb  func(a8013960) 
[2022/10/17 09:28:43 163] lgi        298  LGI_MSG_INIT  
[2022/10/17 09:28:43 163] lgi        305  lgi  lgi_  268436457  1552287548  
[2022/10/17 09:28:43 163] lgi        347  work_dir  .  
[2022/10/17 09:28:43 163] lgi        403  token:  nil  
[2022/10/17 09:28:43 163] lgi        476  msc cver : 5.0.42.1226  
[2022/10/17 09:28:43 163] lgi        519  ns_enable=  1  
[2022/10/17 09:28:43 163] lgi        531  prot_ver=1  
[2022/10/17 09:28:43 163] lgi        542  prot_type=tcp  
[2022/10/17 09:28:43 164] lgi        693  SYS_MSG_UNLOAD  go bg!  
[2022/10/17 09:28:52 158] lgi        697  SYS_MSG_SHUTDOWN  
============================================================
Time  2022/10/17 09:28:56 491 
============================================================
[2022/10/17 09:28:56 491] lgi        684  SYS_MSG_LOAD  
[2022/10/17 09:28:56 491] lgi        706  SYS_MSG_REGCB  msp_status_cb  func(bc013960) 
[2022/10/17 09:28:56 491] lgi        298  LGI_MSG_INIT  
[2022/10/17 09:28:56 491] lgi        305  lgi  lgi_  268436457  1552287548  
[2022/10/17 09:28:56 491] lgi        347  work_dir  .  
[2022/10/17 09:28:56 491] lgi        403  token:  nil  
[2022/10/17 09:28:56 491] lgi        476  msc cver : 5.0.42.1226  
[2022/10/17 09:28:56 491] lgi        519  ns_enable=  1  
[2022/10/17 09:28:56 491] lgi        531  prot_ver=1  
[2022/10/17 09:28:56 491] lgi        542  prot_type=tcp  
[2022/10/17 09:28:56 492] lgi        693  SYS_MSG_UNLOAD  go bg!  
[2022/10/17 09:28:57 359] lgi        697  SYS_MSG_SHUTDOWN  
============================================================
Time  2022/10/17 09:36:11 110 
============================================================
[2022/10/17 09:36:11 110] lgi        684  SYS_MSG_LOAD  
[2022/10/17 09:36:11 111] lgi        706  SYS_MSG_REGCB  msp_status_cb  func(b0053560) 
[2022/10/17 09:36:11 111] lgi        298  LGI_MSG_INIT  
[2022/10/17 09:36:11 111] lgi        305  lgi  lgi_  268436457  1552287548  
[2022/10/17 09:36:11 111] lgi        347  work_dir  .  
[2022/10/17 09:36:11 111] lgi        403  token:  nil  
[2022/10/17 09:36:11 111] lgi        476  msc cver : 5.0.42.1226  
[2022/10/17 09:36:11 111] lgi        519  ns_enable=  1  
[2022/10/17 09:36:11 111] lgi        531  prot_ver=1  
[2022/10/17 09:36:11 111] lgi        542  prot_type=tcp  
[2022/10/17 09:36:11 111] lgi        693  SYS_MSG_UNLOAD  go bg!  
[2022/10/17 09:36:15 450] lgi        697  SYS_MSG_SHUTDOWN  
============================================================
Time  2022/10/17 09:37:03 775 
============================================================
[2022/10/17 09:37:03 775] lgi        684  SYS_MSG_LOAD  
[2022/10/17 09:37:03 775] lgi        706  SYS_MSG_REGCB  msp_status_cb  func(64013960) 
[2022/10/17 09:37:03 775] lgi        298  LGI_MSG_INIT  
[2022/10/17 09:37:03 775] lgi        305  lgi  lgi_  268436457  1552287548  
[2022/10/17 09:37:03 775] lgi        347  work_dir  .  
[2022/10/17 09:37:03 775] lgi        403  token:  nil  
[2022/10/17 09:37:03 775] lgi        476  msc cver : 5.0.42.1226  
[2022/10/17 09:37:03 775] lgi        519  ns_enable=  1  
[2022/10/17 09:37:03 775] lgi        531  prot_ver=1  
[2022/10/17 09:37:03 775] lgi        542  prot_type=tcp  
[2022/10/17 09:37:03 775] lgi        693  SYS_MSG_UNLOAD  go bg!  
[2022/10/17 09:37:07 898] lgi        697  SYS_MSG_SHUTDOWN  
============================================================
Time  2022/10/17 09:37:09 143 
============================================================
[2022/10/17 09:37:09 143] lgi        684  SYS_MSG_LOAD  
[2022/10/17 09:37:09 143] lgi        706  SYS_MSG_REGCB  msp_status_cb  func(70013960) 
[2022/10/17 09:37:09 143] lgi        298  LGI_MSG_INIT  
[2022/10/17 09:37:09 143] lgi        305  lgi  lgi_  268436457  1552287548  
[2022/10/17 09:37:09 143] lgi        347  work_dir  .  
[2022/10/17 09:37:09 143] lgi        403  token:  nil  
[2022/10/17 09:37:09 143] lgi        476  msc cver : 5.0.42.1226  
[2022/10/17 09:37:09 143] lgi        519  ns_enable=  1  
[2022/10/17 09:37:09 143] lgi        531  prot_ver=1  
[2022/10/17 09:37:09 143] lgi        542  prot_type=tcp  
[2022/10/17 09:37:09 144] lgi        693  SYS_MSG_UNLOAD  go bg!  
[2022/10/17 09:37:10 050] lgi        697  SYS_MSG_SHUTDOWN  
============================================================
Time  2022/10/17 09:37:11 278 
============================================================
[2022/10/17 09:37:11 278] lgi        684  SYS_MSG_LOAD  
[2022/10/17 09:37:11 279] lgi        706  SYS_MSG_REGCB  msp_status_cb  func(98013960) 
[2022/10/17 09:37:11 279] lgi        298  LGI_MSG_INIT  
[2022/10/17 09:37:11 279] lgi        305  lgi  lgi_  268436457  1552287548  
[2022/10/17 09:37:11 279] lgi        347  work_dir  .  
[2022/10/17 09:37:11 279] lgi        403  token:  nil  
[2022/10/17 09:37:11 279] lgi        476  msc cver : 5.0.42.1226  
[2022/10/17 09:37:11 279] lgi        519  ns_enable=  1  
[2022/10/17 09:37:11 279] lgi        531  prot_ver=1  
[2022/10/17 09:37:11 279] lgi        542  prot_type=tcp  
[2022/10/17 09:37:11 279] lgi        693  SYS_MSG_UNLOAD  go bg!  
[2022/10/17 09:37:12 163] lgi        697  SYS_MSG_SHUTDOWN  
============================================================
Time  2022/10/17 09:40:41 208 
============================================================
[2022/10/17 09:40:41 208] lgi        684  SYS_MSG_LOAD  
[2022/10/17 09:40:41 208] lgi        706  SYS_MSG_REGCB  msp_status_cb  func(54013920) 
[2022/10/17 09:40:41 208] lgi        298  LGI_MSG_INIT  
[2022/10/17 09:40:41 208] lgi        305  lgi  lgi_  268436457  1552287548  
[2022/10/17 09:40:41 208] lgi        347  work_dir  .  
[2022/10/17 09:40:41 208] lgi        403  token:  nil  
[2022/10/17 09:40:41 208] lgi        476  msc cver : 5.0.42.1226  
[2022/10/17 09:40:41 208] lgi        519  ns_enable=  1  
[2022/10/17 09:40:41 208] lgi        531  prot_ver=1  
[2022/10/17 09:40:41 208] lgi        542  prot_type=tcp  
[2022/10/17 09:40:41 208] lgi        693  SYS_MSG_UNLOAD  go bg!  
[2022/10/17 09:40:55 212] lgi        697  SYS_MSG_SHUTDOWN  
============================================================
Time  2022/10/17 09:40:55 920 
============================================================
[2022/10/17 09:40:55 920] lgi        684  SYS_MSG_LOAD  
[2022/10/17 09:40:55 921] lgi        706  SYS_MSG_REGCB  msp_status_cb  func(e0013960) 
[2022/10/17 09:40:55 921] lgi        298  LGI_MSG_INIT  
[2022/10/17 09:40:55 921] lgi        305  lgi  lgi_  268436457  1552287548  
[2022/10/17 09:40:55 921] lgi        347  work_dir  .  
[2022/10/17 09:40:55 921] lgi        403  token:  nil  
[2022/10/17 09:40:55 921] lgi        476  msc cver : 5.0.42.1226  
[2022/10/17 09:40:55 921] lgi        519  ns_enable=  1  
[2022/10/17 09:40:55 921] lgi        531  prot_ver=1  
[2022/10/17 09:40:55 921] lgi        542  prot_type=tcp  
[2022/10/17 09:40:55 921] lgi        693  SYS_MSG_UNLOAD  go bg!  
[2022/10/17 09:40:56 812] lgi        697  SYS_MSG_SHUTDOWN  
============================================================
Time  2022/10/17 09:41:02 968 
============================================================
[2022/10/17 09:41:02 968] lgi        684  SYS_MSG_LOAD  
[2022/10/17 09:41:02 969] lgi        706  SYS_MSG_REGCB  msp_status_cb  func(e8013960) 
[2022/10/17 09:41:02 969] lgi        298  LGI_MSG_INIT  
[2022/10/17 09:41:02 969] lgi        305  lgi  lgi_  268436457  1552287548  
[2022/10/17 09:41:02 969] lgi        347  work_dir  .  
[2022/10/17 09:41:02 969] lgi        403  token:  nil  
[2022/10/17 09:41:02 969] lgi        476  msc cver : 5.0.42.1226  
[2022/10/17 09:41:02 969] lgi        519  ns_enable=  1  
[2022/10/17 09:41:02 969] lgi        531  prot_ver=1  
[2022/10/17 09:41:02 969] lgi        542  prot_type=tcp  
[2022/10/17 09:41:02 969] lgi        693  SYS_MSG_UNLOAD  go bg!  
[2022/10/17 09:41:04 948] lgi        697  SYS_MSG_SHUTDOWN  
============================================================
Time  2022/10/17 09:41:16 473 
============================================================
[2022/10/17 09:41:16 473] lgi        684  SYS_MSG_LOAD  
[2022/10/17 09:41:16 473] lgi        706  SYS_MSG_REGCB  msp_status_cb  func(2c013960) 
[2022/10/17 09:41:16 473] lgi        298  LGI_MSG_INIT  
[2022/10/17 09:41:16 473] lgi        305  lgi  lgi_  268436457  1552287548  
[2022/10/17 09:41:16 473] lgi        347  work_dir  .  
[2022/10/17 09:41:16 473] lgi        403  token:  nil  
[2022/10/17 09:41:16 473] lgi        476  msc cver : 5.0.42.1226  
[2022/10/17 09:41:16 473] lgi        519  ns_enable=  1  
[2022/10/17 09:41:16 473] lgi        531  prot_ver=1  
[2022/10/17 09:41:16 473] lgi        542  prot_type=tcp  
[2022/10/17 09:41:16 473] lgi        693  SYS_MSG_UNLOAD  go bg!  
[2022/10/17 09:41:18 452] lgi        697  SYS_MSG_SHUTDOWN  
============================================================
Time  2022/10/17 10:11:50 552 
============================================================
[2022/10/17 10:11:50 552] lgi        684  SYS_MSG_LOAD  
[2022/10/17 10:11:50 553] lgi        706  SYS_MSG_REGCB  msp_status_cb  func(24013960) 
[2022/10/17 10:11:50 553] lgi        298  LGI_MSG_INIT  
[2022/10/17 10:11:50 553] lgi        305  lgi  lgi_  268436457  1552287548  
[2022/10/17 10:11:50 553] lgi        347  work_dir  .  
[2022/10/17 10:11:50 553] lgi        403  token:  nil  
[2022/10/17 10:11:50 553] lgi        476  msc cver : 5.0.42.1226  
[2022/10/17 10:11:50 553] lgi        519  ns_enable=  1  
[2022/10/17 10:11:50 553] lgi        531  prot_ver=1  
[2022/10/17 10:11:50 553] lgi        542  prot_type=tcp  
[2022/10/17 10:11:50 553] lgi        693  SYS_MSG_UNLOAD  go bg!  
[2022/10/17 10:11:52 299] lgi        697  SYS_MSG_SHUTDOWN  
============================================================
Time  2022/10/17 10:12:12 359 
============================================================
[2022/10/17 10:12:12 359] lgi        684  SYS_MSG_LOAD  
[2022/10/17 10:12:12 360] lgi        706  SYS_MSG_REGCB  msp_status_cb  func(34013960) 
[2022/10/17 10:12:12 360] lgi        298  LGI_MSG_INIT  
[2022/10/17 10:12:12 360] lgi        305  lgi  lgi_  268436457  1552287548  
[2022/10/17 10:12:12 360] lgi        347  work_dir  .  
[2022/10/17 10:12:12 360] lgi        403  token:  nil  
[2022/10/17 10:12:12 360] lgi        476  msc cver : 5.0.42.1226  
[2022/10/17 10:12:12 360] lgi        519  ns_enable=  1  
[2022/10/17 10:12:12 360] lgi        531  prot_ver=1  
[2022/10/17 10:12:12 360] lgi        542  prot_type=tcp  
[2022/10/17 10:12:12 360] lgi        693  SYS_MSG_UNLOAD  go bg!  
[2022/10/17 10:12:14 027] lgi        697  SYS_MSG_SHUTDOWN  
============================================================
Time  2022/10/17 10:18:01 514 
============================================================
[2022/10/17 10:18:01 514] lgi        684  SYS_MSG_LOAD  
[2022/10/17 10:18:01 514] lgi        706  SYS_MSG_REGCB  msp_status_cb  func(70013960) 
[2022/10/17 10:18:01 514] lgi        298  LGI_MSG_INIT  
[2022/10/17 10:18:01 514] lgi        305  lgi  lgi_  268436457  1552287548  
[2022/10/17 10:18:01 515] lgi        347  work_dir  .  
[2022/10/17 10:18:01 515] lgi        403  token:  nil  
[2022/10/17 10:18:01 515] lgi        476  msc cver : 5.0.42.1226  
[2022/10/17 10:18:01 515] lgi        519  ns_enable=  1  
[2022/10/17 10:18:01 515] lgi        531  prot_ver=1  
[2022/10/17 10:18:01 515] lgi        542  prot_type=tcp  
[2022/10/17 10:18:01 515] lgi        693  SYS_MSG_UNLOAD  go bg!  
[2022/10/17 10:18:03 045] lgi        697  SYS_MSG_SHUTDOWN  
============================================================
Time  2022/10/17 10:18:10 554 
============================================================
[2022/10/17 10:18:10 554] lgi        684  SYS_MSG_LOAD  
[2022/10/17 10:18:10 554] lgi        706  SYS_MSG_REGCB  msp_status_cb  func(64013960) 
[2022/10/17 10:18:10 554] lgi        298  LGI_MSG_INIT  
[2022/10/17 10:18:10 554] lgi        305  lgi  lgi_  268436457  1552287548  
[2022/10/17 10:18:10 554] lgi        347  work_dir  .  
[2022/10/17 10:18:10 554] lgi        403  token:  nil  
[2022/10/17 10:18:10 554] lgi        476  msc cver : 5.0.42.1226  
[2022/10/17 10:18:10 554] lgi        519  ns_enable=  1  
[2022/10/17 10:18:10 554] lgi        531  prot_ver=1  
[2022/10/17 10:18:10 554] lgi        542  prot_type=tcp  
[2022/10/17 10:18:10 554] lgi        693  SYS_MSG_UNLOAD  go bg!  
[2022/10/17 10:18:11 558] lgi        697  SYS_MSG_SHUTDOWN  
============================================================
Time  2022/10/17 10:31:00 184 
============================================================
[2022/10/17 10:31:00 184] lgi        684  SYS_MSG_LOAD  
[2022/10/17 10:31:00 184] lgi        706  SYS_MSG_REGCB  msp_status_cb  func(2c013960) 
[2022/10/17 10:31:00 184] lgi        298  LGI_MSG_INIT  
[2022/10/17 10:31:00 184] lgi        305  lgi  lgi_  268436457  1552287548  
[2022/10/17 10:31:00 184] lgi        347  work_dir  .  
[2022/10/17 10:31:00 184] lgi        403  token:  nil  
[2022/10/17 10:31:00 184] lgi        476  msc cver : 5.0.42.1226  
[2022/10/17 10:31:00 184] lgi        519  ns_enable=  1  
[2022/10/17 10:31:00 184] lgi        531  prot_ver=1  
[2022/10/17 10:31:00 184] lgi        542  prot_type=tcp  
[2022/10/17 10:31:00 184] lgi        693  SYS_MSG_UNLOAD  go bg!  
[2022/10/17 10:31:04 435] lgi        697  SYS_MSG_SHUTDOWN  
============================================================
Time  2022/10/17 10:31:05 591 
============================================================
[2022/10/17 10:31:05 591] lgi        684  SYS_MSG_LOAD  
[2022/10/17 10:31:05 592] lgi        706  SYS_MSG_REGCB  msp_status_cb  func(7c013960) 
[2022/10/17 10:31:05 592] lgi        298  LGI_MSG_INIT  
[2022/10/17 10:31:05 592] lgi        305  lgi  lgi_  268436457  1552287548  
[2022/10/17 10:31:05 592] lgi        347  work_dir  .  
[2022/10/17 10:31:05 592] lgi        403  token:  nil  
[2022/10/17 10:31:05 592] lgi        476  msc cver : 5.0.42.1226  
[2022/10/17 10:31:05 592] lgi        519  ns_enable=  1  
[2022/10/17 10:31:05 592] lgi        531  prot_ver=1  
[2022/10/17 10:31:05 592] lgi        542  prot_type=tcp  
[2022/10/17 10:31:05 592] lgi        693  SYS_MSG_UNLOAD  go bg!  
[2022/10/17 10:31:06 499] lgi        697  SYS_MSG_SHUTDOWN  
============================================================
Time  2022/10/17 10:31:34 431 
============================================================
[2022/10/17 10:31:34 431] lgi        684  SYS_MSG_LOAD  
[2022/10/17 10:31:34 431] lgi        706  SYS_MSG_REGCB  msp_status_cb  func(30013960) 
[2022/10/17 10:31:34 431] lgi        298  LGI_MSG_INIT  
[2022/10/17 10:31:34 431] lgi        305  lgi  lgi_  268436457  1552287548  
[2022/10/17 10:31:34 431] lgi        347  work_dir  .  
[2022/10/17 10:31:34 431] lgi        403  token:  nil  
[2022/10/17 10:31:34 431] lgi        476  msc cver : 5.0.42.1226  
[2022/10/17 10:31:34 431] lgi        519  ns_enable=  1  
[2022/10/17 10:31:34 431] lgi        531  prot_ver=1  
[2022/10/17 10:31:34 431] lgi        542  prot_type=tcp  
[2022/10/17 10:31:34 431] lgi        693  SYS_MSG_UNLOAD  go bg!  
[2022/10/17 10:32:16 532] lgi        697  SYS_MSG_SHUTDOWN  
============================================================
Time  2022/10/17 11:09:06 838 
============================================================
[2022/10/17 11:09:06 838] lgi        684  SYS_MSG_LOAD  
[2022/10/17 11:09:06 838] lgi        706  SYS_MSG_REGCB  msp_status_cb  func(ac013960) 
[2022/10/17 11:09:06 838] lgi        298  LGI_MSG_INIT  
[2022/10/17 11:09:06 838] lgi        305  lgi  lgi_  268436457  1552287548  
[2022/10/17 11:09:06 838] lgi        347  work_dir  .  
[2022/10/17 11:09:06 838] lgi        403  token:  nil  
[2022/10/17 11:09:06 838] lgi        476  msc cver : 5.0.42.1226  
[2022/10/17 11:09:06 838] lgi        519  ns_enable=  1  
[2022/10/17 11:09:06 838] lgi        531  prot_ver=1  
[2022/10/17 11:09:06 838] lgi        542  prot_type=tcp  
[2022/10/17 11:09:06 838] lgi        693  SYS_MSG_UNLOAD  go bg!  
[2022/10/17 11:09:08 010] lgi        697  SYS_MSG_SHUTDOWN  
============================================================
Time  2022/10/17 11:09:10 549 
============================================================
[2022/10/17 11:09:10 549] lgi        684  SYS_MSG_LOAD  
[2022/10/17 11:09:10 549] lgi        706  SYS_MSG_REGCB  msp_status_cb  func(84013960) 
[2022/10/17 11:09:10 549] lgi        298  LGI_MSG_INIT  
[2022/10/17 11:09:10 549] lgi        305  lgi  lgi_  268436457  1552287548  
[2022/10/17 11:09:10 549] lgi        347  work_dir  .  
[2022/10/17 11:09:10 549] lgi        403  token:  nil  
[2022/10/17 11:09:10 549] lgi        476  msc cver : 5.0.42.1226  
[2022/10/17 11:09:10 549] lgi        519  ns_enable=  1  
[2022/10/17 11:09:10 549] lgi        531  prot_ver=1  
[2022/10/17 11:09:10 549] lgi        542  prot_type=tcp  
[2022/10/17 11:09:10 549] lgi        693  SYS_MSG_UNLOAD  go bg!  
[2022/10/17 11:09:12 137] lgi        697  SYS_MSG_SHUTDOWN  
============================================================
Time  2022/10/17 11:17:51 681 
============================================================
[2022/10/17 11:17:51 681] lgi        684  SYS_MSG_LOAD  
[2022/10/17 11:17:51 682] lgi        706  SYS_MSG_REGCB  msp_status_cb  func(64053570) 
[2022/10/17 11:17:51 682] lgi        298  LGI_MSG_INIT  
[2022/10/17 11:17:51 682] lgi        305  lgi  lgi_  268436457  1552287548  
[2022/10/17 11:17:51 682] lgi        347  work_dir  .  
[2022/10/17 11:17:51 682] lgi        403  token:  nil  
[2022/10/17 11:17:51 682] lgi        476  msc cver : 5.0.42.1226  
[2022/10/17 11:17:51 682] lgi        519  ns_enable=  1  
[2022/10/17 11:17:51 682] lgi        531  prot_ver=1  
[2022/10/17 11:17:51 682] lgi        542  prot_type=tcp  
[2022/10/17 11:17:51 682] lgi        693  SYS_MSG_UNLOAD  go bg!  
[2022/10/17 11:17:53 124] lgi        697  SYS_MSG_SHUTDOWN  
============================================================
Time  2022/10/17 11:19:43 817 
============================================================
[2022/10/17 11:19:43 817] lgi        684  SYS_MSG_LOAD  
[2022/10/17 11:19:43 818] lgi        706  SYS_MSG_REGCB  msp_status_cb  func(50013960) 
[2022/10/17 11:19:43 818] lgi        298  LGI_MSG_INIT  
[2022/10/17 11:19:43 818] lgi        305  lgi  lgi_  268436457  1552287548  
[2022/10/17 11:19:43 818] lgi        347  work_dir  .  
[2022/10/17 11:19:43 818] lgi        403  token:  nil  
[2022/10/17 11:19:43 818] lgi        476  msc cver : 5.0.42.1226  
[2022/10/17 11:19:43 818] lgi        519  ns_enable=  1  
[2022/10/17 11:19:43 818] lgi        531  prot_ver=1  
[2022/10/17 11:19:43 818] lgi        542  prot_type=tcp  
[2022/10/17 11:19:43 818] lgi        693  SYS_MSG_UNLOAD  go bg!  
[2022/10/17 11:19:45 125] lgi        697  SYS_MSG_SHUTDOWN  
============================================================
Time  2022/10/17 11:32:04 759 
============================================================
[2022/10/17 11:32:04 759] lgi        684  SYS_MSG_LOAD  
[2022/10/17 11:32:04 759] lgi        706  SYS_MSG_REGCB  msp_status_cb  func(f8013960) 
[2022/10/17 11:32:04 759] lgi        298  LGI_MSG_INIT  
[2022/10/17 11:32:04 759] lgi        305  lgi  lgi_  268436457  1552287548  
[2022/10/17 11:32:04 759] lgi        347  work_dir  .  
[2022/10/17 11:32:04 759] lgi        403  token:  nil  
[2022/10/17 11:32:04 759] lgi        476  msc cver : 5.0.42.1226  
[2022/10/17 11:32:04 759] lgi        519  ns_enable=  1  
[2022/10/17 11:32:04 759] lgi        531  prot_ver=1  
[2022/10/17 11:32:04 759] lgi        542  prot_type=tcp  
[2022/10/17 11:32:04 760] lgi        693  SYS_MSG_UNLOAD  go bg!  
[2022/10/17 11:32:06 817] lgi        697  SYS_MSG_SHUTDOWN  
============================================================
Time  2022/10/17 11:32:48 551 
============================================================
[2022/10/17 11:32:48 551] lgi        684  SYS_MSG_LOAD  
[2022/10/17 11:32:48 551] lgi        706  SYS_MSG_REGCB  msp_status_cb  func(f8013960) 
[2022/10/17 11:32:48 551] lgi        298  LGI_MSG_INIT  
[2022/10/17 11:32:48 551] lgi        305  lgi  lgi_  268436457  1552287548  
[2022/10/17 11:32:48 551] lgi        347  work_dir  .  
[2022/10/17 11:32:48 551] lgi        403  token:  nil  
[2022/10/17 11:32:48 551] lgi        476  msc cver : 5.0.42.1226  
[2022/10/17 11:32:48 551] lgi        519  ns_enable=  1  
[2022/10/17 11:32:48 551] lgi        531  prot_ver=1  
[2022/10/17 11:32:48 551] lgi        542  prot_type=tcp  
[2022/10/17 11:32:48 551] lgi        693  SYS_MSG_UNLOAD  go bg!  
[2022/10/17 11:32:51 346] lgi        697  SYS_MSG_SHUTDOWN  
============================================================
Time  2022/10/17 11:33:33 089 
============================================================
[2022/10/17 11:33:33 089] lgi        684  SYS_MSG_LOAD  
[2022/10/17 11:33:33 089] lgi        706  SYS_MSG_REGCB  msp_status_cb  func(4013960) 
[2022/10/17 11:33:33 089] lgi        298  LGI_MSG_INIT  
[2022/10/17 11:33:33 089] lgi        305  lgi  lgi_  268436457  1552287548  
[2022/10/17 11:33:33 089] lgi        347  work_dir  .  
[2022/10/17 11:33:33 089] lgi        403  token:  nil  
[2022/10/17 11:33:33 089] lgi        476  msc cver : 5.0.42.1226  
[2022/10/17 11:33:33 089] lgi        519  ns_enable=  1  
[2022/10/17 11:33:33 089] lgi        531  prot_ver=1  
[2022/10/17 11:33:33 089] lgi        542  prot_type=tcp  
[2022/10/17 11:33:33 089] lgi        693  SYS_MSG_UNLOAD  go bg!  
[2022/10/17 11:33:40 124] lgi        697  SYS_MSG_SHUTDOWN  
============================================================
Time  2022/10/17 11:34:34 419 
============================================================
[2022/10/17 11:34:34 419] lgi        684  SYS_MSG_LOAD  
[2022/10/17 11:34:34 419] lgi        706  SYS_MSG_REGCB  msp_status_cb  func(7c013960) 
[2022/10/17 11:34:34 419] lgi        298  LGI_MSG_INIT  
[2022/10/17 11:34:34 419] lgi        305  lgi  lgi_  268436457  1552287548  
[2022/10/17 11:34:34 419] lgi        347  work_dir  .  
[2022/10/17 11:34:34 420] lgi        403  token:  nil  
[2022/10/17 11:34:34 420] lgi        476  msc cver : 5.0.42.1226  
[2022/10/17 11:34:34 420] lgi        519  ns_enable=  1  
[2022/10/17 11:34:34 420] lgi        531  prot_ver=1  
[2022/10/17 11:34:34 420] lgi        542  prot_type=tcp  
[2022/10/17 11:34:34 420] lgi        693  SYS_MSG_UNLOAD  go bg!  
[2022/10/17 11:34:35 614] lgi        697  SYS_MSG_SHUTDOWN  
============================================================
Time  2022/10/17 17:01:15 931 
============================================================
[2022/10/17 17:01:15 931] lgi        684  SYS_MSG_LOAD  
[2022/10/17 17:01:15 932] lgi        706  SYS_MSG_REGCB  msp_status_cb  func(8013960) 
[2022/10/17 17:01:15 932] lgi        298  LGI_MSG_INIT  
[2022/10/17 17:01:15 934] lgi        305  lgi  lgi_  268436457  1552287548  
[2022/10/17 17:01:15 934] lgi        347  work_dir  .  
[2022/10/17 17:01:15 934] lgi        403  token:  nil  
[2022/10/17 17:01:15 934] lgi        476  msc cver : 5.0.42.1226  
[2022/10/17 17:01:15 934] lgi        519  ns_enable=  1  
[2022/10/17 17:01:15 934] lgi        531  prot_ver=1  
[2022/10/17 17:01:15 934] lgi        542  prot_type=tcp  
[2022/10/17 17:01:15 935] lgi        693  SYS_MSG_UNLOAD  go bg!  
[2022/10/17 17:01:21 198] lgi        697  SYS_MSG_SHUTDOWN  
============================================================
Time  2022/10/17 17:28:18 324 
============================================================
[2022/10/17 17:28:18 325] lgi        684  SYS_MSG_LOAD  
[2022/10/17 17:28:18 325] lgi        706  SYS_MSG_REGCB  msp_status_cb  func(28013960) 
[2022/10/17 17:28:18 326] lgi        298  LGI_MSG_INIT  
[2022/10/17 17:28:18 326] lgi        305  lgi  lgi_  268436457  1552287548  
[2022/10/17 17:28:18 326] lgi        347  work_dir  .  
[2022/10/17 17:28:18 326] lgi        403  token:  nil  
[2022/10/17 17:28:18 326] lgi        476  msc cver : 5.0.42.1226  
[2022/10/17 17:28:18 326] lgi        519  ns_enable=  1  
[2022/10/17 17:28:18 326] lgi        531  prot_ver=1  
[2022/10/17 17:28:18 326] lgi        542  prot_type=tcp  
[2022/10/17 17:28:18 327] lgi        693  SYS_MSG_UNLOAD  go bg!  
[2022/10/17 17:28:20 549] lgi        697  SYS_MSG_SHUTDOWN  
============================================================
Time  2022/10/17 17:36:12 602 
============================================================
[2022/10/17 17:36:12 603] lgi        684  SYS_MSG_LOAD  
[2022/10/17 17:36:12 603] lgi        706  SYS_MSG_REGCB  msp_status_cb  func(48013960) 
[2022/10/17 17:36:12 603] lgi        298  LGI_MSG_INIT  
[2022/10/17 17:36:12 603] lgi        305  lgi  lgi_  268436457  1552287548  
[2022/10/17 17:36:12 603] lgi        347  work_dir  .  
[2022/10/17 17:36:12 603] lgi        403  token:  nil  
[2022/10/17 17:36:12 603] lgi        476  msc cver : 5.0.42.1226  
[2022/10/17 17:36:12 603] lgi        519  ns_enable=  1  
[2022/10/17 17:36:12 603] lgi        531  prot_ver=1  
[2022/10/17 17:36:12 603] lgi        542  prot_type=tcp  
[2022/10/17 17:36:12 604] lgi        693  SYS_MSG_UNLOAD  go bg!  
[2022/10/17 17:40:19 117] lgi        697  SYS_MSG_SHUTDOWN  
============================================================
Time  2022/10/17 18:55:52 521 
============================================================
[2022/10/17 18:55:52 521] lgi        684  SYS_MSG_LOAD  
[2022/10/17 18:55:52 522] lgi        706  SYS_MSG_REGCB  msp_status_cb  func(48013960) 
[2022/10/17 18:55:52 522] lgi        298  LGI_MSG_INIT  
[2022/10/17 18:55:52 522] lgi        305  lgi  lgi_  268436457  1552287548  
[2022/10/17 18:55:52 522] lgi        347  work_dir  .  
[2022/10/17 18:55:52 522] lgi        403  token:  nil  
[2022/10/17 18:55:52 522] lgi        476  msc cver : 5.0.42.1226  
[2022/10/17 18:55:52 522] lgi        519  ns_enable=  1  
[2022/10/17 18:55:52 522] lgi        531  prot_ver=1  
[2022/10/17 18:55:52 522] lgi        542  prot_type=tcp  
[2022/10/17 18:55:52 523] lgi        693  SYS_MSG_UNLOAD  go bg!  
============================================================
Time  2022/10/20 16:37:00 414 
============================================================
[2022/10/20 16:37:00 414] lgi        684  SYS_MSG_LOAD  
[2022/10/20 16:37:00 419] lgi        706  SYS_MSG_REGCB  msp_status_cb  func(5c013960) 
[2022/10/20 16:37:00 420] lgi        298  LGI_MSG_INIT  
[2022/10/20 16:37:00 420] lgi        305  lgi  lgi_  268436457  1552287548  
[2022/10/20 16:37:00 420] lgi        347  work_dir  .  
[2022/10/20 16:37:00 420] lgi        403  token:  nil  
[2022/10/20 16:37:00 420] lgi        476  msc cver : 5.0.42.1226  
[2022/10/20 16:37:00 420] lgi        519  ns_enable=  1  
[2022/10/20 16:37:00 420] lgi        531  prot_ver=1  
[2022/10/20 16:37:00 420] lgi        542  prot_type=tcp  
[2022/10/20 16:37:00 420] lgi        693  SYS_MSG_UNLOAD  go bg!  
[2022/10/20 16:37:02 940] lgi        697  SYS_MSG_SHUTDOWN  
============================================================
Time  2022/10/27 12:14:47 437 
============================================================
[2022/10/27 12:14:47 437] lgi        684  SYS_MSG_LOAD  
[2022/10/27 12:14:47 450] lgi        706  SYS_MSG_REGCB  msp_status_cb  func(d4013960) 
[2022/10/27 12:14:47 451] lgi        298  LGI_MSG_INIT  
[2022/10/27 12:14:47 451] lgi        305  lgi  lgi_  268436457  1573451739  
[2022/10/27 12:14:47 451] lgi        347  work_dir  .  
[2022/10/27 12:14:47 451] lgi        403  token:  nil  
[2022/10/27 12:14:47 451] lgi        476  msc cver : 5.0.44.1288  
[2022/10/27 12:14:47 451] lgi        519  ns_enable=  1  
[2022/10/27 12:14:47 451] lgi        531  prot_ver=1  
[2022/10/27 12:14:47 451] lgi        542  prot_type=tcp  
[2022/10/27 12:14:47 452] lgi        693  SYS_MSG_UNLOAD  go bg!  
[2022/10/27 12:15:18 458] lgi        697  SYS_MSG_SHUTDOWN  
============================================================
Time  2022/10/27 12:16:30 287 
============================================================
[2022/10/27 12:16:30 287] lgi        684  SYS_MSG_LOAD  
[2022/10/27 12:16:30 287] lgi        706  SYS_MSG_REGCB  msp_status_cb  func(80013960) 
[2022/10/27 12:16:30 287] lgi        298  LGI_MSG_INIT  
[2022/10/27 12:16:30 287] lgi        305  lgi  lgi_  268436457  1573451739  
[2022/10/27 12:16:30 287] lgi        347  work_dir  .  
[2022/10/27 12:16:30 288] lgi        403  token:  nil  
[2022/10/27 12:16:30 288] lgi        476  msc cver : 5.0.44.1288  
[2022/10/27 12:16:30 288] lgi        519  ns_enable=  1  
[2022/10/27 12:16:30 288] lgi        531  prot_ver=1  
[2022/10/27 12:16:30 288] lgi        542  prot_type=tcp  
[2022/10/27 12:16:30 288] lgi        693  SYS_MSG_UNLOAD  go bg!  
[2022/10/27 12:16:36 282] lgi        697  SYS_MSG_SHUTDOWN  
============================================================
Time  2022/10/27 12:16:45 735 
============================================================
[2022/10/27 12:16:45 736] lgi        684  SYS_MSG_LOAD  
[2022/10/27 12:16:45 736] lgi        706  SYS_MSG_REGCB  msp_status_cb  func(9c013960) 
[2022/10/27 12:16:45 736] lgi        298  LGI_MSG_INIT  
[2022/10/27 12:16:45 736] lgi        305  lgi  lgi_  268436457  1573451739  
[2022/10/27 12:16:45 736] lgi        347  work_dir  .  
[2022/10/27 12:16:45 736] lgi        403  token:  nil  
[2022/10/27 12:16:45 736] lgi        476  msc cver : 5.0.44.1288  
[2022/10/27 12:16:45 736] lgi        519  ns_enable=  1  
[2022/10/27 12:16:45 736] lgi        531  prot_ver=1  
[2022/10/27 12:16:45 736] lgi        542  prot_type=tcp  
[2022/10/27 12:16:45 737] lgi        693  SYS_MSG_UNLOAD  go bg!  
[2022/10/27 12:16:47 626] lgi        697  SYS_MSG_SHUTDOWN  
============================================================
Time  2022/10/27 12:16:49 854 
============================================================
[2022/10/27 12:16:49 854] lgi        684  SYS_MSG_LOAD  
[2022/10/27 12:16:49 855] lgi        706  SYS_MSG_REGCB  msp_status_cb  func(7c013960) 
[2022/10/27 12:16:49 855] lgi        298  LGI_MSG_INIT  
[2022/10/27 12:16:49 855] lgi        305  lgi  lgi_  268436457  1573451739  
[2022/10/27 12:16:49 855] lgi        347  work_dir  .  
[2022/10/27 12:16:49 855] lgi        403  token:  nil  
[2022/10/27 12:16:49 855] lgi        476  msc cver : 5.0.44.1288  
[2022/10/27 12:16:49 855] lgi        519  ns_enable=  1  
[2022/10/27 12:16:49 855] lgi        531  prot_ver=1  
[2022/10/27 12:16:49 855] lgi        542  prot_type=tcp  
[2022/10/27 12:16:49 856] lgi        693  SYS_MSG_UNLOAD  go bg!  
[2022/10/27 12:16:56 170] lgi        697  SYS_MSG_SHUTDOWN  
============================================================
Time  2022/12/12 16:37:47 911 
============================================================
[2022/12/12 16:37:47 911] lgi        684  SYS_MSG_LOAD  
[2022/12/12 16:37:47 911] lgi        706  SYS_MSG_REGCB  msp_status_cb  func(24013960) 
[2022/12/12 16:37:47 911] lgi        298  LGI_MSG_INIT  
[2022/12/12 16:37:47 911] lgi        305  lgi  lgi_  268436457  1552287548  
[2022/12/12 16:37:47 911] lgi        347  work_dir  .  
[2022/12/12 16:37:47 911] lgi        403  token:  nil  
[2022/12/12 16:37:47 911] lgi        476  msc cver : 5.0.42.1226  
[2022/12/12 16:37:47 911] lgi        519  ns_enable=  1  
[2022/12/12 16:37:47 911] lgi        531  prot_ver=1  
[2022/12/12 16:37:47 911] lgi        542  prot_type=tcp  
[2022/12/12 16:37:47 912] lgi        693  SYS_MSG_UNLOAD  go bg!  
============================================================
Time  2022/12/12 16:39:54 633 
============================================================
[2022/12/12 16:39:54 633] lgi        684  SYS_MSG_LOAD  
[2022/12/12 16:39:54 633] lgi        706  SYS_MSG_REGCB  msp_status_cb  func(5c013960) 
[2022/12/12 16:39:54 633] lgi        298  LGI_MSG_INIT  
[2022/12/12 16:39:54 633] lgi        305  lgi  lgi_  268436457  1552287548  
[2022/12/12 16:39:54 633] lgi        347  work_dir  .  
[2022/12/12 16:39:54 633] lgi        403  token:  nil  
[2022/12/12 16:39:54 633] lgi        476  msc cver : 5.0.42.1226  
[2022/12/12 16:39:54 633] lgi        519  ns_enable=  1  
[2022/12/12 16:39:54 633] lgi        531  prot_ver=1  
[2022/12/12 16:39:54 633] lgi        542  prot_type=tcp  
[2022/12/12 16:39:54 634] lgi        693  SYS_MSG_UNLOAD  go bg!  
[2022/12/12 16:39:55 821] lgi        697  SYS_MSG_SHUTDOWN  
